<?xml version="1.0" encoding="UTF-8"?>
<!-- Generated by org.testng.reporters.JUnitReportReporter -->
<testsuite hostname="Khoneshwar" failures="0" tests="1" name="testCases.TC021_NewsletterFunctionalityTest" time="3.260" errors="0" timestamp="2024-11-09T15:45:12 IST" skipped="0">
  <testcase classname="testCases.TC021_NewsletterFunctionalityTest" name="verify_Newsletter" time="3.260"/>
</testsuite> <!-- testCases.TC021_NewsletterFunctionalityTest -->
