<?xml version="1.0" encoding="UTF-8"?>
<!-- Generated by org.testng.reporters.JUnitReportReporter -->
<testsuite hostname="Khoneshwar" failures="0" tests="1" name="testCases.TC018_RewardPointsTest" time="3.037" errors="0" timestamp="2024-11-09T15:45:12 IST" skipped="0">
  <testcase classname="testCases.TC018_RewardPointsTest" name="verify_RewardPoint" time="3.037"/>
</testsuite> <!-- testCases.TC018_RewardPointsTest -->
