<?xml version="1.0" encoding="UTF-8"?>
<!-- Generated by org.testng.reporters.JUnitReportReporter -->
<testsuite hostname="Khoneshwar" failures="0" tests="1" name="testCases.TC011_HomePageTest" time="0.762" errors="0" timestamp="2024-11-09T15:45:12 IST" skipped="0">
  <testcase classname="testCases.TC011_HomePageTest" name="verify_HomePage" time="0.762"/>
</testsuite> <!-- testCases.TC011_HomePageTest -->
