<?xml version="1.0" encoding="UTF-8"?>
<!-- Generated by org.testng.reporters.JUnitReportReporter -->
<testsuite hostname="Khoneshwar" failures="0" tests="3" name="testCases.TC008_ProductDisplayDDT" time="2.907" errors="0" timestamp="2024-11-09T15:45:12 IST" skipped="0">
  <testcase classname="testCases.TC008_ProductDisplayDDT" name="verify_DisplayProducts" time="1.188"/>
  <testcase classname="testCases.TC008_ProductDisplayDDT" name="verify_DisplayProducts" time="0.895"/>
  <testcase classname="testCases.TC008_ProductDisplayDDT" name="verify_DisplayProducts" time="0.824"/>
</testsuite> <!-- testCases.TC008_ProductDisplayDDT -->
