<?xml version="1.0" encoding="UTF-8"?>
<!-- Generated by org.testng.reporters.JUnitReportReporter -->
<testsuite hostname="Khoneshwar" failures="0" tests="1" name="testCases.TC013_MyAccountInfoTest" time="2.762" errors="0" timestamp="2024-11-10T08:03:40 IST" skipped="0">
  <testcase classname="testCases.TC013_MyAccountInfoTest" name="verify_MyAccountInformation" time="2.762"/>
</testsuite> <!-- testCases.TC013_MyAccountInfoTest -->
