<?xml version="1.0" encoding="UTF-8"?>
<!-- Generated by org.testng.reporters.JUnitReportReporter -->
<testsuite hostname="Khoneshwar" failures="0" tests="1" name="testCases.TC023_GiftCertificateFunctionalityTest" time="2.483" errors="0" timestamp="2024-11-09T15:45:12 IST" skipped="0">
  <testcase classname="testCases.TC023_GiftCertificateFunctionalityTest" name="verify_GiftCertificate" time="2.483"/>
</testsuite> <!-- testCases.TC023_GiftCertificateFunctionalityTest -->
