<?xml version="1.0" encoding="UTF-8"?>
<!-- Generated by org.testng.reporters.JUnitReportReporter -->
<testsuite hostname="Khoneshwar" failures="0" tests="1" name="testCases.TC_012MyAccountfunctionalityTest" time="0.987" errors="0" timestamp="2024-10-26T09:39:43 IST" skipped="0">
  <testcase classname="testCases.TC_012MyAccountfunctionalityTest" name="verify_MyAccount" time="0.987"/>
</testsuite> <!-- testCases.TC_012MyAccountfunctionalityTest -->
