<?xml version="1.0" encoding="UTF-8"?>
<!-- Generated by org.testng.reporters.JUnitReportReporter -->
<testsuite hostname="Khoneshwar" failures="0" tests="1" name="testCases.TC006_SearchFunctionDDT" time="0.515" errors="0" timestamp="2024-10-18T10:15:27 IST" skipped="0">
  <testcase classname="testCases.TC006_SearchFunctionDDT" name="verify_Search" time="0.515"/>
</testsuite> <!-- testCases.TC006_SearchFunctionDDT -->
