<?xml version="1.0" encoding="UTF-8"?>
<!-- Generated by org.testng.reporters.JUnitReportReporter -->
<testsuite hostname="Khoneshwar" failures="0" tests="5" name="testCases.TC003_LoginDDT" time="30.782" errors="0" timestamp="2024-10-07T18:02:01 IST" skipped="0">
  <testcase classname="testCases.TC003_LoginDDT" name="verify_loginDDT" time="2.283"/>
  <testcase classname="testCases.TC003_LoginDDT" name="verify_loginDDT" time="11.508"/>
  <testcase classname="testCases.TC003_LoginDDT" name="verify_loginDDT" time="2.447"/>
  <testcase classname="testCases.TC003_LoginDDT" name="verify_loginDDT" time="3.063"/>
  <testcase classname="testCases.TC003_LoginDDT" name="verify_loginDDT" time="11.481"/>
</testsuite> <!-- testCases.TC003_LoginDDT -->
