<?xml version="1.0" encoding="UTF-8"?>
<!-- Generated by org.testng.reporters.JUnitReportReporter -->
<testsuite hostname="Khoneshwar" failures="0" tests="1" name="testCases.TC006_SearchFunctionTest" time="1.111" errors="0" timestamp="2024-11-09T15:45:12 IST" skipped="0">
  <testcase classname="testCases.TC006_SearchFunctionTest" name="verify_Search" time="1.111"/>
</testsuite> <!-- testCases.TC006_SearchFunctionTest -->
