<?xml version="1.0" encoding="UTF-8"?>
<!-- Generated by org.testng.reporters.JUnitReportReporter -->
<testsuite hostname="Khoneshwar" failures="0" tests="1" name="testCases.TC024_SpecialOffersFunctionalityTest" time="0.774" errors="0" timestamp="2024-11-09T15:45:12 IST" skipped="0">
  <testcase classname="testCases.TC024_SpecialOffersFunctionalityTest" name="verify_specialOffers" time="0.774"/>
</testsuite> <!-- testCases.TC024_SpecialOffersFunctionalityTest -->
