<?xml version="1.0" encoding="UTF-8"?>
<!-- Generated by org.testng.reporters.JUnitReportReporter -->
<testsuite hostname="Khoneshwar" failures="0" tests="1" name="testCases.TC_011HomePageTest" time="0.685" errors="0" timestamp="2024-10-26T08:25:20 IST" skipped="0">
  <testcase classname="testCases.TC_011HomePageTest" name="verify_HomePage" time="0.685"/>
</testsuite> <!-- testCases.TC_011HomePageTest -->
