<?xml version="1.0" encoding="UTF-8"?>
<!-- Generated by org.testng.reporters.JUnitReportReporter -->
<testsuite hostname="Khoneshwar" failures="0" tests="1" name="testCases.TC003_LoginDDT" time="2.979" errors="0" timestamp="2024-11-10T08:10:26 IST" skipped="0">
  <testcase classname="testCases.TC003_LoginDDT" name="verify_loginDDT" time="2.979"/>
</testsuite> <!-- testCases.TC003_LoginDDT -->
