<?xml version="1.0" encoding="UTF-8"?>
<!-- Generated by org.testng.reporters.JUnitReportReporter -->
<testsuite hostname="Khoneshwar" failures="0" tests="1" name="testCases.TC022_ContactusFunctionalityTest" time="0.781" errors="0" timestamp="2024-11-09T15:45:12 IST" skipped="0">
  <testcase classname="testCases.TC022_ContactusFunctionalityTest" name="verify_contactus" time="0.781"/>
</testsuite> <!-- testCases.TC022_ContactusFunctionalityTest -->
