<?xml version="1.0" encoding="UTF-8"?>
<!-- Generated by org.testng.reporters.JUnitReportReporter -->
<testsuite hostname="Khoneshwar" failures="0" tests="1" name="testCases.TC002_LoginTest" time="2.294" errors="0" timestamp="2024-11-10T08:03:40 IST" skipped="0">
  <testcase classname="testCases.TC002_LoginTest" name="verify_login" time="2.294"/>
</testsuite> <!-- testCases.TC002_LoginTest -->
