<?xml version="1.0" encoding="UTF-8"?>
<!-- Generated by org.testng.reporters.JUnitReportReporter -->
<testsuite hostname="Khoneshwar" failures="0" tests="1" name="testCases.TC016_OrderHistoryTest" time="2.843" errors="0" timestamp="2024-11-09T15:45:12 IST" skipped="0">
  <testcase classname="testCases.TC016_OrderHistoryTest" name="verify_OrderHistory" time="2.843"/>
</testsuite> <!-- testCases.TC016_OrderHistoryTest -->
