<?xml version="1.0" encoding="UTF-8"?>
<!-- Generated by org.testng.reporters.JUnitReportReporter -->
<testsuite hostname="Khoneshwar" failures="0" tests="1" name="testCases.TC009_AddToCartTest" time="3.899" errors="0" timestamp="2024-11-09T15:45:12 IST" skipped="0">
  <testcase classname="testCases.TC009_AddToCartTest" name="verify_AddToCartTest" time="3.899"/>
</testsuite> <!-- testCases.TC009_AddToCartTest -->
