<?xml version="1.0" encoding="UTF-8"?>
<!-- Generated by org.testng.reporters.JUnitReportReporter -->
<testsuite hostname="Khoneshwar" failures="0" tests="1" name="testCases.TC019_RequestReturnTest" time="2.808" errors="0" timestamp="2024-11-09T15:45:12 IST" skipped="0">
  <testcase classname="testCases.TC019_RequestReturnTest" name="verify_ReturnRequst" time="2.808"/>
</testsuite> <!-- testCases.TC019_RequestReturnTest -->
