<?xml version="1.0" encoding="UTF-8"?>
<!-- Generated by org.testng.reporters.JUnitReportReporter -->
<testsuite hostname="Khoneshwar" failures="0" tests="1" name="testCases.TC004_LogoutTest" time="3.077" errors="0" timestamp="2024-11-10T08:03:40 IST" skipped="0">
  <testcase classname="testCases.TC004_LogoutTest" name="verfiy_logout" time="3.077"/>
</testsuite> <!-- testCases.TC004_LogoutTest -->
