<?xml version="1.0" encoding="UTF-8"?>
<!-- Generated by org.testng.reporters.JUnitReportReporter -->
<testsuite hostname="Khoneshwar" failures="0" tests="1" name="testCases.TC015_AddressBookFunctionalityTest" time="5.567" errors="0" timestamp="2024-11-10T08:03:40 IST" skipped="0">
  <testcase classname="testCases.TC015_AddressBookFunctionalityTest" name="verify_AddressBook" time="5.567"/>
</testsuite> <!-- testCases.TC015_AddressBookFunctionalityTest -->
