<?xml version="1.0" encoding="UTF-8"?>
<!-- Generated by org.testng.reporters.JUnitReportReporter -->
<testsuite hostname="Khoneshwar" failures="0" tests="1" name="testCases.TC010_WIshListTest" time="3.478" errors="0" timestamp="2024-11-10T08:03:40 IST" skipped="0">
  <testcase classname="testCases.TC010_WIshListTest" name="verify_WishList" time="3.478"/>
</testsuite> <!-- testCases.TC010_WIshListTest -->
