<?xml version="1.0" encoding="UTF-8"?>
<!-- Generated by org.testng.reporters.JUnitReportReporter -->
<testsuite hostname="Khoneshwar" failures="0" tests="1" name="testCases.TC020_AffilateFunctionalityTest" time="4.466" errors="0" timestamp="2024-11-10T08:11:41 IST" skipped="0">
  <testcase classname="testCases.TC020_AffilateFunctionalityTest" name="verify_Affilate" time="4.466"/>
</testsuite> <!-- testCases.TC020_AffilateFunctionalityTest -->
