<?xml version="1.0" encoding="UTF-8"?>
<!-- Generated by org.testng.reporters.JUnitReportReporter -->
<testsuite hostname="Khoneshwar" failures="0" tests="1" name="testCases.TC002_LoginTest" time="1.754" errors="0" timestamp="2024-10-09T19:27:22 IST" skipped="0">
  <testcase classname="testCases.TC002_LoginTest" name="verify_login" time="1.754"/>
</testsuite> <!-- testCases.TC002_LoginTest -->
